/*C14*/SET SCHEMA PUBLIC
DISCONNECT
/*C1*/SET SCHEMA SYSTEM_LOBS
INSERT INTO LOB_IDS VALUES(145,1,0,40)
COMMIT
ALTER SEQUENCE SYSTEM_LOBS.LOB_ID RESTART WITH 146
DELETE FROM BLOCKS WHERE BLOCK_ADDR=144
INSERT INTO BLOCKS VALUES(144,1,0)
INSERT INTO BLOCKS VALUES(145,2147483502,0)
DELETE FROM BLOCKS WHERE BLOCK_ADDR=144
INSERT INTO LOBS VALUES(144,1,0,145)
COMMIT
/*C13*/SET SCHEMA PUBLIC
INSERT INTO OFFER VALUES(17,'a','5','a@a.a','2015-04-01 00:00:00.00','2015-04-16 00:00:00.00','a','a',11.0E0,145)
SET SCHEMA SYSTEM_LOBS
DELETE FROM LOB_IDS WHERE LOB_ID=145
INSERT INTO LOB_IDS VALUES(145,1,1,40)
COMMIT
/*C11*/SET SCHEMA PUBLIC
DISCONNECT
/*C12*/SET SCHEMA PUBLIC
DISCONNECT
/*C7*/SET SCHEMA PUBLIC
DISCONNECT
/*C8*/SET SCHEMA PUBLIC
DISCONNECT
/*C4*/SET SCHEMA PUBLIC
DISCONNECT
/*C5*/SET SCHEMA PUBLIC
DISCONNECT
/*C6*/SET SCHEMA PUBLIC
DISCONNECT
/*C9*/SET SCHEMA PUBLIC
DISCONNECT
/*C10*/SET SCHEMA PUBLIC
DISCONNECT
/*C13*/SET SCHEMA PUBLIC
DISCONNECT
